Using pre-set license
Built from '2021.3/staging' branch; Version is '2021.3.22f1 (b6c551784ba3) revision 11978065'; Using compiler version '192829333'; Build Type 'Release'
OS: 'Windows 11  (10.0.22631) 64bit Professional' Language: 'da' Physical Memory: 16221 MB
BatchMode: 1, IsHumanControllingUs: 0, StartBugReporterOnCrash: 0, Is64bit: 1, IsPro: 1

COMMAND LINE ARGUMENTS:
C:\Program Files\Unity\Hub\Editor\2021.3.22f1\Editor\Unity.exe
-adb2
-batchMode
-noUpm
-name
AssetImportWorker4
-projectPath
C:/Users/SukkertoppenDDU/BoatGame
-logFile
Logs/AssetImportWorker4.log
-srvPort
50587
Successfully changed project path to: C:/Users/SukkertoppenDDU/BoatGame
C:/Users/SukkertoppenDDU/BoatGame
[UnityMemory] Configuration Parameters - Can be set up in boot.config
    "memorysetup-bucket-allocator-granularity=16"
    "memorysetup-bucket-allocator-bucket-count=8"
    "memorysetup-bucket-allocator-block-size=33554432"
    "memorysetup-bucket-allocator-block-count=8"
    "memorysetup-main-allocator-block-size=16777216"
    "memorysetup-thread-allocator-block-size=16777216"
    "memorysetup-gfx-main-allocator-block-size=16777216"
    "memorysetup-gfx-thread-allocator-block-size=16777216"
    "memorysetup-cache-allocator-block-size=4194304"
    "memorysetup-typetree-allocator-block-size=2097152"
    "memorysetup-profiler-bucket-allocator-granularity=16"
    "memorysetup-profiler-bucket-allocator-bucket-count=8"
    "memorysetup-profiler-bucket-allocator-block-size=33554432"
    "memorysetup-profiler-bucket-allocator-block-count=8"
    "memorysetup-profiler-allocator-block-size=16777216"
    "memorysetup-profiler-editor-allocator-block-size=1048576"
    "memorysetup-temp-allocator-size-main=16777216"
    "memorysetup-job-temp-allocator-block-size=2097152"
    "memorysetup-job-temp-allocator-block-size-background=1048576"
    "memorysetup-job-temp-allocator-reduction-small-platforms=262144"
    "memorysetup-temp-allocator-size-background-worker=32768"
    "memorysetup-temp-allocator-size-job-worker=262144"
    "memorysetup-temp-allocator-size-preload-manager=33554432"
    "memorysetup-temp-allocator-size-nav-mesh-worker=65536"
    "memorysetup-temp-allocator-size-audio-worker=65536"
    "memorysetup-temp-allocator-size-cloud-worker=32768"
    "memorysetup-temp-allocator-size-gi-baking-worker=262144"
    "memorysetup-temp-allocator-size-gfx=262144"
Player connection [12924] Host "[IP] 10.146.98.3 [Port] 0 [Flags] 2 [Guid] 612167646 [EditorId] 612167646 [Version] 1048832 [Id] WindowsEditor(7,KKU18esport) [Debug] 1 [PackageName] WindowsEditor [ProjectName] Editor" joined multi-casting on [225.0.0.222:54997]...

Player connection [12924] Host "[IP] 10.146.98.3 [Port] 0 [Flags] 2 [Guid] 612167646 [EditorId] 612167646 [Version] 1048832 [Id] WindowsEditor(7,KKU18esport) [Debug] 1 [PackageName] WindowsEditor [ProjectName] Editor" joined alternative multi-casting on [225.0.0.222:34997]...

Refreshing native plugins compatible for Editor in 61.29 ms, found 3 plugins.
Preloading 0 native plugins for Editor in 0.00 ms.
Initialize engine version: 2021.3.22f1 (b6c551784ba3)
[Subsystems] Discovering subsystems at path C:/Program Files/Unity/Hub/Editor/2021.3.22f1/Editor/Data/Resources/UnitySubsystems
[Subsystems] Discovering subsystems at path C:/Users/SukkertoppenDDU/BoatGame/Assets
GfxDevice: creating device client; threaded=0; jobified=0
Direct3D:
    Version:  Direct3D 11.0 [level 11.1]
    Renderer: NVIDIA GeForce RTX 3070 (ID=0x2488)
    Vendor:   NVIDIA
    VRAM:     8043 MB
    Driver:   30.0.14.9729
Initialize mono
Mono path[0] = 'C:/Program Files/Unity/Hub/Editor/2021.3.22f1/Editor/Data/Managed'
Mono path[1] = 'C:/Program Files/Unity/Hub/Editor/2021.3.22f1/Editor/Data/MonoBleedingEdge/lib/mono/unityjit-win32'
Mono config path = 'C:/Program Files/Unity/Hub/Editor/2021.3.22f1/Editor/Data/MonoBleedingEdge/etc'
Using monoOptions --debugger-agent=transport=dt_socket,embedding=1,server=y,suspend=n,address=127.0.0.1:56492
Begin MonoManager ReloadAssembly
Registering precompiled unity dll's ...
Register platform support module: C:/Program Files/Unity/Hub/Editor/2021.3.22f1/Editor/Data/PlaybackEngines/WebGLSupport/UnityEditor.WebGL.Extensions.dll
Register platform support module: C:/Program Files/Unity/Hub/Editor/2021.3.22f1/Editor/Data/PlaybackEngines/WindowsStandaloneSupport/UnityEditor.WindowsStandalone.Extensions.dll
Registered in 0.002793 seconds.
Native extension for WindowsStandalone target not found
Native extension for WebGL target not found
Refreshing native plugins compatible for Editor in 63.14 ms, found 3 plugins.
Preloading 0 native plugins for Editor in 0.00 ms.
Mono: successfully reloaded assembly
- Completed reload, in  0.476 seconds
Domain Reload Profiling:
	ReloadAssembly (476ms)
		BeginReloadAssembly (62ms)
			ExecutionOrderSort (0ms)
			DisableScriptedObjects (0ms)
			BackupInstance (0ms)
			ReleaseScriptingObjects (0ms)
			CreateAndSetChildDomain (1ms)
		EndReloadAssembly (344ms)
			LoadAssemblies (61ms)
			RebuildTransferFunctionScriptingTraits (0ms)
			SetupTypeCache (82ms)
			ReleaseScriptCaches (0ms)
			RebuildScriptCaches (24ms)
			SetupLoadedEditorAssemblies (199ms)
				LogAssemblyErrors (0ms)
				InitializePlatformSupportModulesInManaged (8ms)
				SetLoadedEditorAssemblies (0ms)
				RefreshPlugins (63ms)
				BeforeProcessingInitializeOnLoad (1ms)
				ProcessInitializeOnLoadAttributes (95ms)
				ProcessInitializeOnLoadMethodAttributes (32ms)
				AfterProcessingInitializeOnLoad (0ms)
				EditorAssembliesLoaded (0ms)
			ExecutionOrderSort2 (0ms)
			AwakeInstancesAfterBackupRestoration (0ms)
Platform modules already initialized, skipping
Registering precompiled user dll's ...
Registered in 0.002627 seconds.
Begin MonoManager ReloadAssembly
Symbol file LoadedFromMemory doesn't match image C:\Users\SukkertoppenDDU\BoatGame\Library\PackageCache\com.unity.visualscripting@1.8.0\Editor\VisualScripting.Core\Dependencies\YamlDotNet\Unity.VisualScripting.YamlDotNet.dll
Symbol file LoadedFromMemory doesn't match image C:\Users\SukkertoppenDDU\BoatGame\Library\PackageCache\com.unity.visualscripting@1.8.0\Editor\VisualScripting.Core\Dependencies\DotNetZip\Unity.VisualScripting.IonicZip.dll
Native extension for WindowsStandalone target not found
Native extension for WebGL target not found
Refreshing native plugins compatible for Editor in 0.33 ms, found 3 plugins.
Preloading 0 native plugins for Editor in 0.00 ms.
Mono: successfully reloaded assembly
- Completed reload, in  0.786 seconds
Domain Reload Profiling:
	ReloadAssembly (787ms)
		BeginReloadAssembly (80ms)
			ExecutionOrderSort (0ms)
			DisableScriptedObjects (4ms)
			BackupInstance (0ms)
			ReleaseScriptingObjects (0ms)
			CreateAndSetChildDomain (13ms)
		EndReloadAssembly (634ms)
			LoadAssemblies (58ms)
			RebuildTransferFunctionScriptingTraits (0ms)
			SetupTypeCache (170ms)
			ReleaseScriptCaches (0ms)
			RebuildScriptCaches (34ms)
			SetupLoadedEditorAssemblies (353ms)
				LogAssemblyErrors (0ms)
				InitializePlatformSupportModulesInManaged (4ms)
				SetLoadedEditorAssemblies (0ms)
				RefreshPlugins (0ms)
				BeforeProcessingInitializeOnLoad (61ms)
				ProcessInitializeOnLoadAttributes (272ms)
				ProcessInitializeOnLoadMethodAttributes (12ms)
				AfterProcessingInitializeOnLoad (3ms)
				EditorAssembliesLoaded (0ms)
			ExecutionOrderSort2 (0ms)
			AwakeInstancesAfterBackupRestoration (5ms)
Platform modules already initialized, skipping
========================================================================
Worker process is ready to serve import requests
Launched and connected shader compiler UnityShaderCompiler.exe after 0.03 seconds
Refreshing native plugins compatible for Editor in 0.54 ms, found 3 plugins.
Preloading 0 native plugins for Editor in 0.00 ms.
Unloading 3052 Unused Serialized files (Serialized files now loaded: 0)
Unloading 24 unused Assets / (113.4 KB). Loaded Objects now: 3514.
Memory consumption went from 108.0 MB to 107.9 MB.
Total: 2.780700 ms (FindLiveObjects: 0.184700 ms CreateObjectMapping: 0.078800 ms MarkObjects: 2.421400 ms  DeleteObjects: 0.095000 ms)

AssetImportParameters requested are different than current active one (requested -> active):
  custom:video-decoder-ogg-theora: a1e56fd34408186e4bbccfd4996cb3dc -> 
  custom:container-muxer-webm: aa71ff27fc2769a1b78a27578f13a17b -> 
  custom:container-demuxer-webm: 4f35f7cbe854078d1ac9338744f61a02 -> 
  custom:video-encoder-webm-vp8: eb34c28f22e8b96e1ab97ce403110664 -> 
  custom:audio-encoder-webm-vorbis: bf7c407c2cedff20999df2af8eb42d56 -> 
  custom:framework-win-MediaFoundation: 216162199b28c13a410421893ffa2e32 -> 
  custom:container-demuxer-ogg: 62fdf1f143b41e24485cea50d1cbac27 -> 
  custom:video-decoder-webm-vp8: 9c59270c3fd7afecdb556c50c9e8de78 -> 
  custom:audio-decoder-ogg-vorbis: bf7c407c2cedff20999df2af8eb42d56 -> 
========================================================================
Received Import Request.
  Time since last request: 1920.113847 seconds.
  path: Assets/LowlyPoly/Free Stylized Textures/Textures/vol_2_3_Wood_Ambient_Occlusion.png
  artifactKey: Guid(b14c4799c9487dc42a880da5a7c5892a) Importer(815301076,1909f56bfc062723c751e8b465ee728b)
Start importing Assets/LowlyPoly/Free Stylized Textures/Textures/vol_2_3_Wood_Ambient_Occlusion.png using Guid(b14c4799c9487dc42a880da5a7c5892a) Importer(815301076,1909f56bfc062723c751e8b465ee728b)  -> (artifact id: 'c17ad5b796cdc7e4986dacb0fed5d9ee') in 0.054665 seconds 
========================================================================
Received Import Request.
  Time since last request: 0.000036 seconds.
  path: Assets/LowlyPoly/Free Stylized Textures/Textures/Vol_26_2_Cliffs_Roughness.png
  artifactKey: Guid(8307f0076c24e8f4eaf6abac885be228) Importer(815301076,1909f56bfc062723c751e8b465ee728b)
Start importing Assets/LowlyPoly/Free Stylized Textures/Textures/Vol_26_2_Cliffs_Roughness.png using Guid(8307f0076c24e8f4eaf6abac885be228) Importer(815301076,1909f56bfc062723c751e8b465ee728b)  -> (artifact id: 'eaf08f89e64f96f00eaf6b13219966a5') in 0.013661 seconds 
========================================================================
Received Import Request.
  Time since last request: 0.000019 seconds.
  path: Assets/LowlyPoly/Free Stylized Textures/Textures/Vol_7_1_Tiles_Base_Color.png
  artifactKey: Guid(aa3e95facbcb2874ea5d0fa0ce8ab8f2) Importer(815301076,1909f56bfc062723c751e8b465ee728b)
Start importing Assets/LowlyPoly/Free Stylized Textures/Textures/Vol_7_1_Tiles_Base_Color.png using Guid(aa3e95facbcb2874ea5d0fa0ce8ab8f2) Importer(815301076,1909f56bfc062723c751e8b465ee728b)  -> (artifact id: '855b8099c7e5746dcec4ec7584ddfca3') in 0.011673 seconds 
========================================================================
Received Import Request.
  Time since last request: 0.000013 seconds.
  path: Assets/LowlyPoly/Free Stylized Textures/Textures/Vol_26_2_Cliffs_Height.png
  artifactKey: Guid(2c395f3ea5a3b5e40bfe2b47798518cf) Importer(815301076,1909f56bfc062723c751e8b465ee728b)
Start importing Assets/LowlyPoly/Free Stylized Textures/Textures/Vol_26_2_Cliffs_Height.png using Guid(2c395f3ea5a3b5e40bfe2b47798518cf) Importer(815301076,1909f56bfc062723c751e8b465ee728b)  -> (artifact id: '53dafb648e384046452c1dfd55305462') in 0.014505 seconds 
========================================================================
Received Import Request.
  Time since last request: 0.000020 seconds.
  path: Assets/LowlyPoly/Free Stylized Textures/Textures/Vol_34_2_Tiles_Base_Color.png
  artifactKey: Guid(f5956e835ea243744a9fc80cbebe7bdf) Importer(815301076,1909f56bfc062723c751e8b465ee728b)
Start importing Assets/LowlyPoly/Free Stylized Textures/Textures/Vol_34_2_Tiles_Base_Color.png using Guid(f5956e835ea243744a9fc80cbebe7bdf) Importer(815301076,1909f56bfc062723c751e8b465ee728b)  -> (artifact id: 'd55584c1f5b10f6ba999231309c15625') in 0.056116 seconds 
========================================================================
Received Import Request.
  Time since last request: 0.000024 seconds.
  path: Assets/LowlyPoly/Free Stylized Textures/Textures/Vol_19_4_Dirt_Normal.png
  artifactKey: Guid(f127ee87898056e47946fab0b9123fc9) Importer(815301076,1909f56bfc062723c751e8b465ee728b)
Start importing Assets/LowlyPoly/Free Stylized Textures/Textures/Vol_19_4_Dirt_Normal.png using Guid(f127ee87898056e47946fab0b9123fc9) Importer(815301076,1909f56bfc062723c751e8b465ee728b)  -> (artifact id: '69fb9c6087df01f80bbebe9a697dbeed') in 0.043431 seconds 
========================================================================
Received Import Request.
  Time since last request: 0.000025 seconds.
  path: Assets/LowlyPoly/Free Stylized Textures/Textures/Vol_35_3_Lava_Roughness.png
  artifactKey: Guid(72c26281599821f4fad0e053c0dd5fe0) Importer(815301076,1909f56bfc062723c751e8b465ee728b)
Start importing Assets/LowlyPoly/Free Stylized Textures/Textures/Vol_35_3_Lava_Roughness.png using Guid(72c26281599821f4fad0e053c0dd5fe0) Importer(815301076,1909f56bfc062723c751e8b465ee728b)  -> (artifact id: '2e14395e3b08cf52ad8988736977939d') in 0.035295 seconds 
========================================================================
Received Import Request.
  Time since last request: 0.000013 seconds.
  path: Assets/LowlyPoly/Free Stylized Textures/Textures/Vol_34_2_Tiles_Roughness.png
  artifactKey: Guid(830907b47b00c374bae896897838d09a) Importer(815301076,1909f56bfc062723c751e8b465ee728b)
Start importing Assets/LowlyPoly/Free Stylized Textures/Textures/Vol_34_2_Tiles_Roughness.png using Guid(830907b47b00c374bae896897838d09a) Importer(815301076,1909f56bfc062723c751e8b465ee728b)  -> (artifact id: 'bd19d1a110872382666cf463a5ae97ed') in 0.032045 seconds 
========================================================================
Received Import Request.
  Time since last request: 0.000018 seconds.
  path: Assets/LowlyPoly/Free Stylized Textures/Textures/Vol_30_3_Roofs_Normal.png
  artifactKey: Guid(27db48b727b8291479c50e33cd6e436c) Importer(815301076,1909f56bfc062723c751e8b465ee728b)
Start importing Assets/LowlyPoly/Free Stylized Textures/Textures/Vol_30_3_Roofs_Normal.png using Guid(27db48b727b8291479c50e33cd6e436c) Importer(815301076,1909f56bfc062723c751e8b465ee728b)  -> (artifact id: '58d18570002d5b715f3c88c4ed22e96f') in 0.014367 seconds 
========================================================================
Received Import Request.
  Time since last request: 0.000016 seconds.
  path: Assets/LowlyPoly/Free Stylized Textures/Textures/Vol_30_3_Roofs_Ambient_Occlusion.png
  artifactKey: Guid(c4dbeaa72f7890047aa4a3104e154956) Importer(815301076,1909f56bfc062723c751e8b465ee728b)
Start importing Assets/LowlyPoly/Free Stylized Textures/Textures/Vol_30_3_Roofs_Ambient_Occlusion.png using Guid(c4dbeaa72f7890047aa4a3104e154956) Importer(815301076,1909f56bfc062723c751e8b465ee728b)  -> (artifact id: '1d4f2fa464b8c33f5894b3a116a3c11e') in 0.013029 seconds 
========================================================================
Received Import Request.
  Time since last request: 0.000016 seconds.
  path: Assets/LowlyPoly/Free Stylized Textures/Textures/Vol_49_5_Rocks_Base_Color.png
  artifactKey: Guid(b9337c53c4df5b54f8823c08c0a45d40) Importer(815301076,1909f56bfc062723c751e8b465ee728b)
Start importing Assets/LowlyPoly/Free Stylized Textures/Textures/Vol_49_5_Rocks_Base_Color.png using Guid(b9337c53c4df5b54f8823c08c0a45d40) Importer(815301076,1909f56bfc062723c751e8b465ee728b)  -> (artifact id: '99fe8aee38274c9d17a2d9475fc2be7d') in 0.012216 seconds 
========================================================================
Received Import Request.
  Time since last request: 0.000015 seconds.
  path: Assets/LowlyPoly/Free Stylized Textures/Textures/Vol_30_3_Roofs_Base_Color.png
  artifactKey: Guid(323ac6b077a121b4d84019f2c25fd31e) Importer(815301076,1909f56bfc062723c751e8b465ee728b)
Start importing Assets/LowlyPoly/Free Stylized Textures/Textures/Vol_30_3_Roofs_Base_Color.png using Guid(323ac6b077a121b4d84019f2c25fd31e) Importer(815301076,1909f56bfc062723c751e8b465ee728b)  -> (artifact id: 'ccc83e7a8deee9aafb695ec6f63b7443') in 0.012396 seconds 
========================================================================
Received Import Request.
  Time since last request: 0.000020 seconds.
  path: Assets/LowlyPoly/Free Stylized Textures/Textures/Vol_16_2_Sand_Base_Color.png
  artifactKey: Guid(94ddededa5cbf2242b63ddd549cfba38) Importer(815301076,1909f56bfc062723c751e8b465ee728b)
Start importing Assets/LowlyPoly/Free Stylized Textures/Textures/Vol_16_2_Sand_Base_Color.png using Guid(94ddededa5cbf2242b63ddd549cfba38) Importer(815301076,1909f56bfc062723c751e8b465ee728b)  -> (artifact id: '32bd3fd72c39f19bba04dd598984c96f') in 0.012667 seconds 
========================================================================
Received Import Request.
  Time since last request: 0.000021 seconds.
  path: Assets/LowlyPoly/Free Stylized Textures/Textures/Vol_7_1_Tiles_Normal.png
  artifactKey: Guid(8931af16587629c4187693a56cd9de54) Importer(815301076,1909f56bfc062723c751e8b465ee728b)
Start importing Assets/LowlyPoly/Free Stylized Textures/Textures/Vol_7_1_Tiles_Normal.png using Guid(8931af16587629c4187693a56cd9de54) Importer(815301076,1909f56bfc062723c751e8b465ee728b)  -> (artifact id: '80b0d629be6d702ba1814046287ee913') in 0.014552 seconds 
========================================================================
Received Import Request.
  Time since last request: 0.000023 seconds.
  path: Assets/LowlyPoly/Free Stylized Textures/Textures/Vol_16_2_Sand_Normal.png
  artifactKey: Guid(4afc1765a23e31b4d91c3c7223087506) Importer(815301076,1909f56bfc062723c751e8b465ee728b)
Start importing Assets/LowlyPoly/Free Stylized Textures/Textures/Vol_16_2_Sand_Normal.png using Guid(4afc1765a23e31b4d91c3c7223087506) Importer(815301076,1909f56bfc062723c751e8b465ee728b)  -> (artifact id: '1a0149bc8fcc66f26038f7aee412914f') in 0.013853 seconds 
========================================================================
Received Import Request.
  Time since last request: 0.000017 seconds.
  path: Assets/LowlyPoly/Free Stylized Textures/Textures/Vol_34_2_Tiles_Height.png
  artifactKey: Guid(382c65bc958f74043a161731b681e152) Importer(815301076,1909f56bfc062723c751e8b465ee728b)
Start importing Assets/LowlyPoly/Free Stylized Textures/Textures/Vol_34_2_Tiles_Height.png using Guid(382c65bc958f74043a161731b681e152) Importer(815301076,1909f56bfc062723c751e8b465ee728b)  -> (artifact id: '704c105ee2d2ca161c505468a86de7a4') in 0.011605 seconds 
========================================================================
Received Import Request.
  Time since last request: 0.000018 seconds.
  path: Assets/LowlyPoly/Free Stylized Textures/Textures/Vol_42_1_Vegetation_Height.png
  artifactKey: Guid(7f7402220bc187a428c234a4611746f8) Importer(815301076,1909f56bfc062723c751e8b465ee728b)
Start importing Assets/LowlyPoly/Free Stylized Textures/Textures/Vol_42_1_Vegetation_Height.png using Guid(7f7402220bc187a428c234a4611746f8) Importer(815301076,1909f56bfc062723c751e8b465ee728b)  -> (artifact id: '3e93f45eff24537a2cf279db0e07390a') in 0.012601 seconds 
========================================================================
Received Import Request.
  Time since last request: 0.000046 seconds.
  path: Assets/LowlyPoly/Free Stylized Textures/Textures/Vol_16_2_Sand_Ambient_Occlusion.png
  artifactKey: Guid(87371d6475acff34aaf1fd4596845388) Importer(815301076,1909f56bfc062723c751e8b465ee728b)
Start importing Assets/LowlyPoly/Free Stylized Textures/Textures/Vol_16_2_Sand_Ambient_Occlusion.png using Guid(87371d6475acff34aaf1fd4596845388) Importer(815301076,1909f56bfc062723c751e8b465ee728b)  -> (artifact id: '5434a26cfcebbc1432e7e79568fcafe8') in 0.014743 seconds 
========================================================================
Received Import Request.
  Time since last request: 0.435660 seconds.
  path: Assets/LowlyPoly/Free Stylized Textures/Textures/Vol_58_1_Surface_Normal.png
  artifactKey: Guid(3cf6eee3d0cee82429945f707475de05) Importer(815301076,1909f56bfc062723c751e8b465ee728b)
Start importing Assets/LowlyPoly/Free Stylized Textures/Textures/Vol_58_1_Surface_Normal.png using Guid(3cf6eee3d0cee82429945f707475de05) Importer(815301076,1909f56bfc062723c751e8b465ee728b)  -> (artifact id: '1a37acb45df9d0280a72ad15bd0fe861') in 0.014052 seconds 
========================================================================
Received Import Request.
  Time since last request: 0.000012 seconds.
  path: Assets/LowlyPoly/Free Stylized Textures/Textures/Vol_67_3_Tile_Normal.png
  artifactKey: Guid(ca2ef8a59be983c45b92dd03afd9b342) Importer(815301076,1909f56bfc062723c751e8b465ee728b)
Start importing Assets/LowlyPoly/Free Stylized Textures/Textures/Vol_67_3_Tile_Normal.png using Guid(ca2ef8a59be983c45b92dd03afd9b342) Importer(815301076,1909f56bfc062723c751e8b465ee728b)  -> (artifact id: '82bc9235a975cd0b2814c3f25af01559') in 0.011350 seconds 
========================================================================
Received Import Request.
  Time since last request: 0.000014 seconds.
  path: Assets/LowlyPoly/Free Stylized Textures/Textures/Vol_79_5_Sci-fi_Ambient_Occlusion.png
  artifactKey: Guid(f5d7eb09ca80c5942b6f60a5e3b8e6cd) Importer(815301076,1909f56bfc062723c751e8b465ee728b)
Start importing Assets/LowlyPoly/Free Stylized Textures/Textures/Vol_79_5_Sci-fi_Ambient_Occlusion.png using Guid(f5d7eb09ca80c5942b6f60a5e3b8e6cd) Importer(815301076,1909f56bfc062723c751e8b465ee728b)  -> (artifact id: '49e07ef04828913ec8f0310dd6091788') in 0.011059 seconds 
========================================================================
Received Import Request.
  Time since last request: 0.000028 seconds.
  path: Assets/LowlyPoly/Free Stylized Textures/Textures/Vol_79_5_Sci-fi_Normal.png
  artifactKey: Guid(6e4929d33a886b34595bc2fe1cb0449f) Importer(815301076,1909f56bfc062723c751e8b465ee728b)
Start importing Assets/LowlyPoly/Free Stylized Textures/Textures/Vol_79_5_Sci-fi_Normal.png using Guid(6e4929d33a886b34595bc2fe1cb0449f) Importer(815301076,1909f56bfc062723c751e8b465ee728b)  -> (artifact id: '9a499460934bf62efe4c7d546a08668e') in 0.012941 seconds 
========================================================================
Received Import Request.
  Time since last request: 12.487408 seconds.
  path: Assets/LowlyPoly/Free Stylized Textures/Materials/Vol_36_5_Water_Base_Color.mat
  artifactKey: Guid(785cf3704701a95499f8a1971f0c9d94) Importer(815301076,1909f56bfc062723c751e8b465ee728b)
Start importing Assets/LowlyPoly/Free Stylized Textures/Materials/Vol_36_5_Water_Base_Color.mat using Guid(785cf3704701a95499f8a1971f0c9d94) Importer(815301076,1909f56bfc062723c751e8b465ee728b)  -> (artifact id: '325864731f14c28ec0ff25b11d0740cb') in 0.171463 seconds 
========================================================================
Received Import Request.
  Time since last request: 2.317410 seconds.
  path: Assets/LowlyPoly/Free Stylized Textures/Materials/Vol_36_5_Water_Emissive.mat
  artifactKey: Guid(e1a4d08658aabf94a81a6585cacbc42f) Importer(815301076,1909f56bfc062723c751e8b465ee728b)
Start importing Assets/LowlyPoly/Free Stylized Textures/Materials/Vol_36_5_Water_Emissive.mat using Guid(e1a4d08658aabf94a81a6585cacbc42f) Importer(815301076,1909f56bfc062723c751e8b465ee728b)  -> (artifact id: 'd5854bb8dd1514d68ae3d5f9d090fbe6') in 0.011394 seconds 
========================================================================
Received Import Request.
  Time since last request: 1.904552 seconds.
  path: Assets/LowlyPoly/Free Stylized Textures/Materials/Vol_36_5_Water_Height.mat
  artifactKey: Guid(5c805f4960e6c794eac3348a45da176a) Importer(815301076,1909f56bfc062723c751e8b465ee728b)
Start importing Assets/LowlyPoly/Free Stylized Textures/Materials/Vol_36_5_Water_Height.mat using Guid(5c805f4960e6c794eac3348a45da176a) Importer(815301076,1909f56bfc062723c751e8b465ee728b)  -> (artifact id: 'b4d2b5c94c30d57c086728c3e13a4e74') in 0.010873 seconds 
========================================================================
Received Import Request.
  Time since last request: 1.062359 seconds.
  path: Assets/LowlyPoly/Free Stylized Textures/Materials/Vol_36_5_Water_Normal.mat
  artifactKey: Guid(ed804fce4f426624a91c079ebeb41dc5) Importer(815301076,1909f56bfc062723c751e8b465ee728b)
Start importing Assets/LowlyPoly/Free Stylized Textures/Materials/Vol_36_5_Water_Normal.mat using Guid(ed804fce4f426624a91c079ebeb41dc5) Importer(815301076,1909f56bfc062723c751e8b465ee728b)  -> (artifact id: '68a42e030fd501b93b906e2f5e04bfa1') in 0.012965 seconds 
========================================================================
Received Import Request.
  Time since last request: 4.954058 seconds.
  path: Assets/LowlyPoly/Free Stylized Textures/Materials/Vol_36_5_Water_Ambient_Occlusion.mat
  artifactKey: Guid(c26e9dae4ec609441b2518862700e71d) Importer(815301076,1909f56bfc062723c751e8b465ee728b)
Start importing Assets/LowlyPoly/Free Stylized Textures/Materials/Vol_36_5_Water_Ambient_Occlusion.mat using Guid(c26e9dae4ec609441b2518862700e71d) Importer(815301076,1909f56bfc062723c751e8b465ee728b)  -> (artifact id: '92568d8981ec2792f8c7477effc355a3') in 0.011868 seconds 
========================================================================
Received Prepare
Registering precompiled user dll's ...
Registered in 0.003709 seconds.
Begin MonoManager ReloadAssembly
Symbol file LoadedFromMemory doesn't match image C:\Users\SukkertoppenDDU\BoatGame\Library\PackageCache\com.unity.visualscripting@1.8.0\Editor\VisualScripting.Core\Dependencies\YamlDotNet\Unity.VisualScripting.YamlDotNet.dll
Symbol file LoadedFromMemory doesn't match image C:\Users\SukkertoppenDDU\BoatGame\Library\PackageCache\com.unity.visualscripting@1.8.0\Editor\VisualScripting.Core\Dependencies\DotNetZip\Unity.VisualScripting.IonicZip.dll
Native extension for WindowsStandalone target not found
Native extension for WebGL target not found
Refreshing native plugins compatible for Editor in 1.23 ms, found 3 plugins.
Preloading 0 native plugins for Editor in 0.00 ms.
Mono: successfully reloaded assembly
- Completed reload, in  1.702 seconds
Domain Reload Profiling:
	ReloadAssembly (1702ms)
		BeginReloadAssembly (201ms)
			ExecutionOrderSort (0ms)
			DisableScriptedObjects (6ms)
			BackupInstance (0ms)
			ReleaseScriptingObjects (0ms)
			CreateAndSetChildDomain (32ms)
		EndReloadAssembly (1387ms)
			LoadAssemblies (140ms)
			RebuildTransferFunctionScriptingTraits (0ms)
			SetupTypeCache (433ms)
			ReleaseScriptCaches (1ms)
			RebuildScriptCaches (38ms)
			SetupLoadedEditorAssemblies (743ms)
				LogAssemblyErrors (0ms)
				InitializePlatformSupportModulesInManaged (27ms)
				SetLoadedEditorAssemblies (2ms)
				RefreshPlugins (1ms)
				BeforeProcessingInitializeOnLoad (84ms)
				ProcessInitializeOnLoadAttributes (606ms)
				ProcessInitializeOnLoadMethodAttributes (18ms)
				AfterProcessingInitializeOnLoad (5ms)
				EditorAssembliesLoaded (0ms)
			ExecutionOrderSort2 (0ms)
			AwakeInstancesAfterBackupRestoration (6ms)
Platform modules already initialized, skipping
Refreshing native plugins compatible for Editor in 1.51 ms, found 3 plugins.
Preloading 0 native plugins for Editor in 0.00 ms.
Unloading 3047 Unused Serialized files (Serialized files now loaded: 0)
Unloading 17 unused Assets / (79.8 KB). Loaded Objects now: 3563.
Memory consumption went from 112.9 MB to 112.8 MB.
Total: 2.138400 ms (FindLiveObjects: 0.187300 ms CreateObjectMapping: 0.106400 ms MarkObjects: 1.770900 ms  DeleteObjects: 0.073100 ms)

AssetImportParameters requested are different than current active one (requested -> active):
  custom:video-decoder-ogg-theora: a1e56fd34408186e4bbccfd4996cb3dc -> 
  custom:container-muxer-webm: aa71ff27fc2769a1b78a27578f13a17b -> 
  custom:container-demuxer-webm: 4f35f7cbe854078d1ac9338744f61a02 -> 
  custom:video-encoder-webm-vp8: eb34c28f22e8b96e1ab97ce403110664 -> 
  custom:audio-encoder-webm-vorbis: bf7c407c2cedff20999df2af8eb42d56 -> 
  custom:framework-win-MediaFoundation: 216162199b28c13a410421893ffa2e32 -> 
  custom:container-demuxer-ogg: 62fdf1f143b41e24485cea50d1cbac27 -> 
  custom:video-decoder-webm-vp8: 9c59270c3fd7afecdb556c50c9e8de78 -> 
  custom:audio-decoder-ogg-vorbis: bf7c407c2cedff20999df2af8eb42d56 -> 
========================================================================
Received Import Request.
  Time since last request: 146.347022 seconds.
  path: Assets/Scripts/PlayerController.cs
  artifactKey: Guid(61a0f8a713b04ee45be8d978d0d75f43) Importer(815301076,1909f56bfc062723c751e8b465ee728b)
Start importing Assets/Scripts/PlayerController.cs using Guid(61a0f8a713b04ee45be8d978d0d75f43) Importer(815301076,1909f56bfc062723c751e8b465ee728b)  -> (artifact id: '0302259ebd1c164f49ef98ae67f88a41') in 0.012131 seconds 
========================================================================
Received Prepare
Registering precompiled user dll's ...
Registered in 0.002332 seconds.
Begin MonoManager ReloadAssembly
Symbol file LoadedFromMemory doesn't match image C:\Users\SukkertoppenDDU\BoatGame\Library\PackageCache\com.unity.visualscripting@1.8.0\Editor\VisualScripting.Core\Dependencies\YamlDotNet\Unity.VisualScripting.YamlDotNet.dll
Symbol file LoadedFromMemory doesn't match image C:\Users\SukkertoppenDDU\BoatGame\Library\PackageCache\com.unity.visualscripting@1.8.0\Editor\VisualScripting.Core\Dependencies\DotNetZip\Unity.VisualScripting.IonicZip.dll
Native extension for WindowsStandalone target not found
Native extension for WebGL target not found
Refreshing native plugins compatible for Editor in 0.35 ms, found 3 plugins.
Preloading 0 native plugins for Editor in 0.00 ms.
Mono: successfully reloaded assembly
- Completed reload, in  0.801 seconds
Domain Reload Profiling:
	ReloadAssembly (801ms)
		BeginReloadAssembly (106ms)
			ExecutionOrderSort (0ms)
			DisableScriptedObjects (4ms)
			BackupInstance (0ms)
			ReleaseScriptingObjects (0ms)
			CreateAndSetChildDomain (29ms)
		EndReloadAssembly (627ms)
			LoadAssemblies (61ms)
			RebuildTransferFunctionScriptingTraits (0ms)
			SetupTypeCache (185ms)
			ReleaseScriptCaches (1ms)
			RebuildScriptCaches (32ms)
			SetupLoadedEditorAssemblies (330ms)
				LogAssemblyErrors (0ms)
				InitializePlatformSupportModulesInManaged (4ms)
				SetLoadedEditorAssemblies (0ms)
				RefreshPlugins (0ms)
				BeforeProcessingInitializeOnLoad (44ms)
				ProcessInitializeOnLoadAttributes (265ms)
				ProcessInitializeOnLoadMethodAttributes (13ms)
				AfterProcessingInitializeOnLoad (3ms)
				EditorAssembliesLoaded (0ms)
			ExecutionOrderSort2 (0ms)
			AwakeInstancesAfterBackupRestoration (4ms)
Platform modules already initialized, skipping
Refreshing native plugins compatible for Editor in 1.05 ms, found 3 plugins.
Preloading 0 native plugins for Editor in 0.00 ms.
Unloading 3047 Unused Serialized files (Serialized files now loaded: 0)
Unloading 17 unused Assets / (79.8 KB). Loaded Objects now: 3566.
Memory consumption went from 112.9 MB to 112.8 MB.
Total: 2.019000 ms (FindLiveObjects: 0.157100 ms CreateObjectMapping: 0.084400 ms MarkObjects: 1.716600 ms  DeleteObjects: 0.060300 ms)

AssetImportParameters requested are different than current active one (requested -> active):
  custom:video-decoder-ogg-theora: a1e56fd34408186e4bbccfd4996cb3dc -> 
  custom:container-muxer-webm: aa71ff27fc2769a1b78a27578f13a17b -> 
  custom:container-demuxer-webm: 4f35f7cbe854078d1ac9338744f61a02 -> 
  custom:video-encoder-webm-vp8: eb34c28f22e8b96e1ab97ce403110664 -> 
  custom:audio-encoder-webm-vorbis: bf7c407c2cedff20999df2af8eb42d56 -> 
  custom:framework-win-MediaFoundation: 216162199b28c13a410421893ffa2e32 -> 
  custom:container-demuxer-ogg: 62fdf1f143b41e24485cea50d1cbac27 -> 
  custom:video-decoder-webm-vp8: 9c59270c3fd7afecdb556c50c9e8de78 -> 
  custom:audio-decoder-ogg-vorbis: bf7c407c2cedff20999df2af8eb42d56 -> 
========================================================================
Received Prepare
Registering precompiled user dll's ...
Registered in 0.002449 seconds.
Begin MonoManager ReloadAssembly
Symbol file LoadedFromMemory doesn't match image C:\Users\SukkertoppenDDU\BoatGame\Library\PackageCache\com.unity.visualscripting@1.8.0\Editor\VisualScripting.Core\Dependencies\YamlDotNet\Unity.VisualScripting.YamlDotNet.dll
Symbol file LoadedFromMemory doesn't match image C:\Users\SukkertoppenDDU\BoatGame\Library\PackageCache\com.unity.visualscripting@1.8.0\Editor\VisualScripting.Core\Dependencies\DotNetZip\Unity.VisualScripting.IonicZip.dll
Native extension for WindowsStandalone target not found
Native extension for WebGL target not found
Refreshing native plugins compatible for Editor in 0.38 ms, found 3 plugins.
Preloading 0 native plugins for Editor in 0.00 ms.
Mono: successfully reloaded assembly
- Completed reload, in  0.813 seconds
Domain Reload Profiling:
	ReloadAssembly (814ms)
		BeginReloadAssembly (106ms)
			ExecutionOrderSort (0ms)
			DisableScriptedObjects (4ms)
			BackupInstance (0ms)
			ReleaseScriptingObjects (0ms)
			CreateAndSetChildDomain (25ms)
		EndReloadAssembly (642ms)
			LoadAssemblies (64ms)
			RebuildTransferFunctionScriptingTraits (0ms)
			SetupTypeCache (199ms)
			ReleaseScriptCaches (1ms)
			RebuildScriptCaches (29ms)
			SetupLoadedEditorAssemblies (333ms)
				LogAssemblyErrors (0ms)
				InitializePlatformSupportModulesInManaged (4ms)
				SetLoadedEditorAssemblies (0ms)
				RefreshPlugins (0ms)
				BeforeProcessingInitializeOnLoad (47ms)
				ProcessInitializeOnLoadAttributes (265ms)
				ProcessInitializeOnLoadMethodAttributes (12ms)
				AfterProcessingInitializeOnLoad (4ms)
				EditorAssembliesLoaded (0ms)
			ExecutionOrderSort2 (0ms)
			AwakeInstancesAfterBackupRestoration (5ms)
Platform modules already initialized, skipping
Refreshing native plugins compatible for Editor in 1.05 ms, found 3 plugins.
Preloading 0 native plugins for Editor in 0.00 ms.
Unloading 3047 Unused Serialized files (Serialized files now loaded: 0)
Unloading 17 unused Assets / (79.7 KB). Loaded Objects now: 3569.
Memory consumption went from 112.9 MB to 112.8 MB.
Total: 2.267000 ms (FindLiveObjects: 0.162400 ms CreateObjectMapping: 0.072300 ms MarkObjects: 1.956000 ms  DeleteObjects: 0.075300 ms)

AssetImportParameters requested are different than current active one (requested -> active):
  custom:video-decoder-ogg-theora: a1e56fd34408186e4bbccfd4996cb3dc -> 
  custom:container-muxer-webm: aa71ff27fc2769a1b78a27578f13a17b -> 
  custom:container-demuxer-webm: 4f35f7cbe854078d1ac9338744f61a02 -> 
  custom:video-encoder-webm-vp8: eb34c28f22e8b96e1ab97ce403110664 -> 
  custom:audio-encoder-webm-vorbis: bf7c407c2cedff20999df2af8eb42d56 -> 
  custom:framework-win-MediaFoundation: 216162199b28c13a410421893ffa2e32 -> 
  custom:container-demuxer-ogg: 62fdf1f143b41e24485cea50d1cbac27 -> 
  custom:video-decoder-webm-vp8: 9c59270c3fd7afecdb556c50c9e8de78 -> 
  custom:audio-decoder-ogg-vorbis: bf7c407c2cedff20999df2af8eb42d56 -> 
========================================================================
Received Prepare
Registering precompiled user dll's ...
Registered in 0.003083 seconds.
Begin MonoManager ReloadAssembly
Symbol file LoadedFromMemory doesn't match image C:\Users\SukkertoppenDDU\BoatGame\Library\PackageCache\com.unity.visualscripting@1.8.0\Editor\VisualScripting.Core\Dependencies\YamlDotNet\Unity.VisualScripting.YamlDotNet.dll
Symbol file LoadedFromMemory doesn't match image C:\Users\SukkertoppenDDU\BoatGame\Library\PackageCache\com.unity.visualscripting@1.8.0\Editor\VisualScripting.Core\Dependencies\DotNetZip\Unity.VisualScripting.IonicZip.dll
Native extension for WindowsStandalone target not found
Native extension for WebGL target not found
Refreshing native plugins compatible for Editor in 0.39 ms, found 3 plugins.
Preloading 0 native plugins for Editor in 0.00 ms.
Mono: successfully reloaded assembly
- Completed reload, in  0.779 seconds
Domain Reload Profiling:
	ReloadAssembly (779ms)
		BeginReloadAssembly (101ms)
			ExecutionOrderSort (0ms)
			DisableScriptedObjects (4ms)
			BackupInstance (0ms)
			ReleaseScriptingObjects (0ms)
			CreateAndSetChildDomain (25ms)
		EndReloadAssembly (614ms)
			LoadAssemblies (60ms)
			RebuildTransferFunctionScriptingTraits (0ms)
			SetupTypeCache (178ms)
			ReleaseScriptCaches (1ms)
			RebuildScriptCaches (28ms)
			SetupLoadedEditorAssemblies (328ms)
				LogAssemblyErrors (0ms)
				InitializePlatformSupportModulesInManaged (4ms)
				SetLoadedEditorAssemblies (0ms)
				RefreshPlugins (0ms)
				BeforeProcessingInitializeOnLoad (43ms)
				ProcessInitializeOnLoadAttributes (263ms)
				ProcessInitializeOnLoadMethodAttributes (13ms)
				AfterProcessingInitializeOnLoad (4ms)
				EditorAssembliesLoaded (0ms)
			ExecutionOrderSort2 (0ms)
			AwakeInstancesAfterBackupRestoration (5ms)
Platform modules already initialized, skipping
Refreshing native plugins compatible for Editor in 1.18 ms, found 3 plugins.
Preloading 0 native plugins for Editor in 0.00 ms.
Unloading 3047 Unused Serialized files (Serialized files now loaded: 0)
Unloading 17 unused Assets / (79.8 KB). Loaded Objects now: 3572.
Memory consumption went from 112.9 MB to 112.9 MB.
Total: 2.303000 ms (FindLiveObjects: 0.189200 ms CreateObjectMapping: 0.076500 ms MarkObjects: 1.972000 ms  DeleteObjects: 0.064200 ms)

AssetImportParameters requested are different than current active one (requested -> active):
  custom:video-decoder-ogg-theora: a1e56fd34408186e4bbccfd4996cb3dc -> 
  custom:container-muxer-webm: aa71ff27fc2769a1b78a27578f13a17b -> 
  custom:container-demuxer-webm: 4f35f7cbe854078d1ac9338744f61a02 -> 
  custom:video-encoder-webm-vp8: eb34c28f22e8b96e1ab97ce403110664 -> 
  custom:audio-encoder-webm-vorbis: bf7c407c2cedff20999df2af8eb42d56 -> 
  custom:framework-win-MediaFoundation: 216162199b28c13a410421893ffa2e32 -> 
  custom:container-demuxer-ogg: 62fdf1f143b41e24485cea50d1cbac27 -> 
  custom:video-decoder-webm-vp8: 9c59270c3fd7afecdb556c50c9e8de78 -> 
  custom:audio-decoder-ogg-vorbis: bf7c407c2cedff20999df2af8eb42d56 -> 
========================================================================
Received Import Request.
  Time since last request: 79.262743 seconds.
  path: Assets/Scripts/SharkScript.cs
  artifactKey: Guid(7f2675a0d478f5141badc094318a5e11) Importer(815301076,1909f56bfc062723c751e8b465ee728b)
Start importing Assets/Scripts/SharkScript.cs using Guid(7f2675a0d478f5141badc094318a5e11) Importer(815301076,1909f56bfc062723c751e8b465ee728b)  -> (artifact id: 'f4dad38166152df196db877233adfaa5') in 0.013422 seconds 
========================================================================
Received Import Request.
  Time since last request: 37.503706 seconds.
  path: Assets/Scripts/SpawnManager.cs
  artifactKey: Guid(debf289913a204c42868898b65df1278) Importer(815301076,1909f56bfc062723c751e8b465ee728b)
Start importing Assets/Scripts/SpawnManager.cs using Guid(debf289913a204c42868898b65df1278) Importer(815301076,1909f56bfc062723c751e8b465ee728b)  -> (artifact id: '23af27957029a2e18a8f786a064412c7') in 0.006402 seconds 
========================================================================
Received Import Request.
  Time since last request: 14.680987 seconds.
  path: Assets/Scripts/TrahsCollector.cs
  artifactKey: Guid(f9dba8b24ad27eb48b4162dd5bfb1683) Importer(815301076,1909f56bfc062723c751e8b465ee728b)
Start importing Assets/Scripts/TrahsCollector.cs using Guid(f9dba8b24ad27eb48b4162dd5bfb1683) Importer(815301076,1909f56bfc062723c751e8b465ee728b)  -> (artifact id: '1c3527e36946af2bdf2839ae85906da9') in 0.005998 seconds 
========================================================================
Received Import Request.
  Time since last request: 1.116208 seconds.
  path: Assets/Scripts/SharkScript.cs
  artifactKey: Guid(7f2675a0d478f5141badc094318a5e11) Importer(815301076,1909f56bfc062723c751e8b465ee728b)
Start importing Assets/Scripts/SharkScript.cs using Guid(7f2675a0d478f5141badc094318a5e11) Importer(815301076,1909f56bfc062723c751e8b465ee728b)  -> (artifact id: '6a76325a79bdacaa9151882bdb34c004') in 0.001591 seconds 
========================================================================
Received Import Request.
  Time since last request: 110.295933 seconds.
  path: Assets/Barrels/Set_1/Barrels_1.FBX
  artifactKey: Guid(6cf0e06a0f66c28439f20ef6eedfcfa8) Importer(815301076,1909f56bfc062723c751e8b465ee728b)
Start importing Assets/Barrels/Set_1/Barrels_1.FBX using Guid(6cf0e06a0f66c28439f20ef6eedfcfa8) Importer(815301076,1909f56bfc062723c751e8b465ee728b)  -> (artifact id: 'e6dae00979b2f63a1675aa39608f3cb0') in 0.090908 seconds 
========================================================================
Received Import Request.
  Time since last request: 0.000020 seconds.
  path: Assets/Barrels/Set_1/Ground.FBX
  artifactKey: Guid(787607342856a784eb39eb3ae2c232c5) Importer(815301076,1909f56bfc062723c751e8b465ee728b)
Start importing Assets/Barrels/Set_1/Ground.FBX using Guid(787607342856a784eb39eb3ae2c232c5) Importer(815301076,1909f56bfc062723c751e8b465ee728b)  -> (artifact id: 'fba8ba68f2a9812ebaf85f1cce109134') in 0.015122 seconds 
========================================================================
Received Import Request.
  Time since last request: 0.911126 seconds.
  path: Assets/Barrels/Set_2/Barrels_2.FBX
  artifactKey: Guid(e3d6043f57237d24abe169dccf5e5acf) Importer(815301076,1909f56bfc062723c751e8b465ee728b)
Start importing Assets/Barrels/Set_2/Barrels_2.FBX using Guid(e3d6043f57237d24abe169dccf5e5acf) Importer(815301076,1909f56bfc062723c751e8b465ee728b)  -> (artifact id: '39b70576a988bfe60dd15091122346cf') in 0.037097 seconds 
========================================================================
Received Import Request.
  Time since last request: 0.000014 seconds.
  path: Assets/Barrels/Set_2/Shelf.FBX
  artifactKey: Guid(d58b6fc2c8f742d4d8fe21b5fa5414d2) Importer(815301076,1909f56bfc062723c751e8b465ee728b)
Start importing Assets/Barrels/Set_2/Shelf.FBX using Guid(d58b6fc2c8f742d4d8fe21b5fa5414d2) Importer(815301076,1909f56bfc062723c751e8b465ee728b)  -> (artifact id: '323cf4dff205e9476eb8b3c5df35aaaf') in 0.012054 seconds 
========================================================================
Received Import Request.
  Time since last request: 3.158807 seconds.
  path: Assets/Barrels/Set_1/Prefabs/Ground.prefab
  artifactKey: Guid(85866712d45dec3429e4058760f33e6e) Importer(815301076,1909f56bfc062723c751e8b465ee728b)
Start importing Assets/Barrels/Set_1/Prefabs/Ground.prefab using Guid(85866712d45dec3429e4058760f33e6e) Importer(815301076,1909f56bfc062723c751e8b465ee728b)  -> (artifact id: 'd4c4ae8a61c90db22ff16bce49c31ab4') in 0.169878 seconds 
========================================================================
Received Import Request.
  Time since last request: 3.757876 seconds.
  path: Assets/Barrels/Set_2/Prefabs/Decoration.prefab
  artifactKey: Guid(df3b81a73eab9cf4e92ae33cf9eb597a) Importer(815301076,1909f56bfc062723c751e8b465ee728b)
Start importing Assets/Barrels/Set_2/Prefabs/Decoration.prefab using Guid(df3b81a73eab9cf4e92ae33cf9eb597a) Importer(815301076,1909f56bfc062723c751e8b465ee728b)  -> (artifact id: '2b2c80a5e3c8f43bd7c3a9b861ee96fa') in 0.020886 seconds 
========================================================================
Received Import Request.
  Time since last request: 2.426193 seconds.
  path: Assets/Barrels/Set_2/Materials/Barrels_Set_2_1024_Clean.mat
  artifactKey: Guid(86a18802c918c1241a7ced25039b0948) Importer(815301076,1909f56bfc062723c751e8b465ee728b)
Start importing Assets/Barrels/Set_2/Materials/Barrels_Set_2_1024_Clean.mat using Guid(86a18802c918c1241a7ced25039b0948) Importer(815301076,1909f56bfc062723c751e8b465ee728b)  -> (artifact id: '1324db60cd8466db025b4c5ad694b445') in 0.026794 seconds 
========================================================================
Received Import Request.
  Time since last request: 0.000022 seconds.
  path: Assets/Barrels/Set_2/Materials/Barrels_Set_2_1024_Dirt_Transparent.mat
  artifactKey: Guid(04cc5478db2a4d84b9d424853afad9e5) Importer(815301076,1909f56bfc062723c751e8b465ee728b)
Start importing Assets/Barrels/Set_2/Materials/Barrels_Set_2_1024_Dirt_Transparent.mat using Guid(04cc5478db2a4d84b9d424853afad9e5) Importer(815301076,1909f56bfc062723c751e8b465ee728b)  -> (artifact id: '078035f5fbce71818d069348583a0b08') in 0.191374 seconds 
========================================================================
Received Import Request.
  Time since last request: 0.000027 seconds.
  path: Assets/Barrels/Set_2/Materials/Barrels_Set_2_2048_Clean.mat
  artifactKey: Guid(835fb445433fd994fa68f66f9ba2579c) Importer(815301076,1909f56bfc062723c751e8b465ee728b)
Start importing Assets/Barrels/Set_2/Materials/Barrels_Set_2_2048_Clean.mat using Guid(835fb445433fd994fa68f66f9ba2579c) Importer(815301076,1909f56bfc062723c751e8b465ee728b)  -> (artifact id: '39d7df54b056d2058e2b306175a592a4') in 0.045427 seconds 
========================================================================
Received Import Request.
  Time since last request: 9.161944 seconds.
  path: Assets/Barrels/Set_2/Prefabs/2048/Dirt/Barrel_05.prefab
  artifactKey: Guid(cee0ef9fade4b0b438f01cbd8957fa2c) Importer(815301076,1909f56bfc062723c751e8b465ee728b)
Start importing Assets/Barrels/Set_2/Prefabs/2048/Dirt/Barrel_05.prefab using Guid(cee0ef9fade4b0b438f01cbd8957fa2c) Importer(815301076,1909f56bfc062723c751e8b465ee728b)  -> (artifact id: 'e8893a8f320b69dd931c575ed732876e') in 0.031972 seconds 
Editor requested this worker to shutdown with reason: Scaling down because of idle timeout
AssetImportWorker is now disconnected from the server
Process exiting
Exiting without the bug reporter. Application will terminate with return code 0